<?xml version="1.0" encoding="UTF-8"?>
<!-- Generated by org.testng.reporters.JUnitReportReporter -->
<testsuite hostname="DESKTOP-NGIKV44" failures="0" tests="1" name="com.tests.AcessoriesHomeTest" time="31.098" errors="0" timestamp="2024-08-10T22:09:57 IST" skipped="0">
  <testcase classname="com.tests.AcessoriesHomeTest" name="test01" time="31.098"/>
  <system-out/>
</testsuite> <!-- com.tests.AcessoriesHomeTest -->
