<?xml version="1.0" encoding="UTF-8"?>
<!-- Generated by org.testng.reporters.JUnitReportReporter -->
<testsuite hostname="DESKTOP-NGIKV44" failures="0" tests="1" name="com.tests.RegistrationTest" time="3.940" errors="0" timestamp="2024-08-08T21:54:21 IST" skipped="0">
  <testcase classname="com.tests.RegistrationTest" name="test01" time="3.940"/>
  <system-out/>
</testsuite> <!-- com.tests.RegistrationTest -->
