<?xml version="1.0" encoding="UTF-8"?>
<!-- Generated by org.testng.reporters.JUnitReportReporter -->
<testsuite hostname="DESKTOP-NGIKV44" failures="0" tests="3" name="com.tests.LoginTest" time="8.371" errors="0" timestamp="2024-08-13T18:34:58 IST" skipped="1">
  <testcase classname="com.tests.LoginTest" name="test02" time="0.036"/>
  <system-out/>
  <testcase classname="com.tests.LoginTest" name="test01" time="8.333"/>
  <system-out/>
  <testcase classname="com.tests.LoginTest" name="test03" time="0.002">
    <skipped/>
  </testcase> <!-- test03 -->
  <system-out/>
</testsuite> <!-- com.tests.LoginTest -->
