<?xml version="1.0" encoding="UTF-8"?>
<!-- Generated by org.testng.reporters.JUnitReportReporter -->
<testsuite hostname="DESKTOP-NGIKV44" failures="0" tests="1" name="com.tests.HomeTest" time="12.903" errors="0" timestamp="2024-08-14T16:54:36 IST" skipped="0">
  <testcase classname="com.tests.HomeTest" name="test01" time="12.903"/>
  <system-out/>
</testsuite> <!-- com.tests.HomeTest -->
