<?xml version="1.0" encoding="UTF-8"?>
<!-- Generated by org.testng.reporters.JUnitReportReporter -->
<testsuite hostname="DESKTOP-NGIKV44" failures="0" tests="1" name="com.tests.ArtHomeTest" time="10.455" errors="0" timestamp="2024-08-14T17:01:09 IST" skipped="0">
  <testcase classname="com.tests.ArtHomeTest" name="test01" time="10.455"/>
  <system-out/>
</testsuite> <!-- com.tests.ArtHomeTest -->
